<?xml version="1.0" encoding="UTF-8"?>
<!-- Generated by org.testng.reporters.JUnitReportReporter -->
<testsuite skipped="0" hostname="Muhammads-MacBook-Pro.local" name="Research.Research" tests="2" failures="0" timestamp="04 Nov 2017 16:53:33 GMT" time="28.736" errors="0">
  <testcase name="MethodInvoke" time="28.734" classname="Research.Research"/>
  <testcase name="StringFunctions" time="0.002" classname="Research.Research"/>
</testsuite> <!-- Research.Research -->
