<?xml version="1.0" encoding="UTF-8"?>
<!-- Generated by org.testng.reporters.JUnitReportReporter -->
<testsuite skipped="0" hostname="Muhammads-MacBook-Pro.local" name="MainPackage.FlightTour" tests="1" failures="0" timestamp="04 Nov 2017 04:55:28 GMT" time="34.176" errors="0">
  <testcase name="FlightTourDemo" time="34.176" classname="MainPackage.FlightTour"/>
</testsuite> <!-- MainPackage.FlightTour -->
