<?xml version="1.0" encoding="UTF-8"?>
<!-- Generated by org.testng.reporters.JUnitReportReporter -->
<testsuite skipped="0" hostname="Mohin-PC" name="ShellProgramming" tests="1" failures="0" timestamp="07 Oct 2017 05:54:24 GMT" time="0.135" errors="0">
  <testcase name="BackgroundCMD" time="0.135" classname="ShellProgramming"/>
</testsuite> <!-- ShellProgramming -->
