<?xml version="1.0" encoding="UTF-8"?>
<!-- Generated by org.testng.reporters.JUnitReportReporter -->
<testsuite skipped="0" hostname="Muhammads-MacBook-Pro.local" name="FlightTour" tests="1" failures="0" timestamp="21 Nov 2017 08:18:25 GMT" time="51.255" errors="0">
  <testcase name="FlightTourDemo" time="51.255" classname="FlightTour"/>
</testsuite> <!-- FlightTour -->
